Traceback (most recent call last):
  File "/Users/rkulskis/miniconda3/lib/python3.10/site-packages/jupyter_cache/executors/utils.py", line 58, in single_nb_execution
    executenb(
  File "/Users/rkulskis/miniconda3/lib/python3.10/site-packages/nbclient/client.py", line 1305, in execute
    return NotebookClient(nb=nb, resources=resources, km=km, **kwargs).execute()
  File "/Users/rkulskis/miniconda3/lib/python3.10/site-packages/jupyter_core/utils/__init__.py", line 166, in wrapped
    return loop.run_until_complete(inner)
  File "/Users/rkulskis/miniconda3/lib/python3.10/asyncio/base_events.py", line 649, in run_until_complete
    return future.result()
  File "/Users/rkulskis/miniconda3/lib/python3.10/site-packages/nbclient/client.py", line 705, in async_execute
    await self.async_execute_cell(
  File "/Users/rkulskis/miniconda3/lib/python3.10/site-packages/nbclient/client.py", line 1058, in async_execute_cell
    await self._check_raise_for_error(cell, cell_index, exec_reply)
  File "/Users/rkulskis/miniconda3/lib/python3.10/site-packages/nbclient/client.py", line 914, in _check_raise_for_error
    raise CellExecutionError.from_cell_and_msg(cell, exec_reply_content)
nbclient.exceptions.CellExecutionError: An error occurred while executing the following cell:
------------------
%%texdebug
\title{9: Neural Networks and Artificial Intelligence}
\date{}
\begin{document}
\begin{equation}\label{eq:linear combo hyperplane}
    a_i  =  w_1a_1+w_2a_2+\ldots+w_na_n 
     = 
    \begin{bmatrix}
        w_1 \\
        w_2 \\
        \vdots \\
        w_n
    \end{bmatrix}
    \cdot
    \begin{bmatrix}
        a_1 \\
        a_2 \\
        \vdots \\
        a_2
    \end{bmatrix}=
    \mathbf{w_N}\cdot\mathbf{a_N}
\end{equation}
\end{document}
------------------

----- stdout -----
This is pdfTeX, Version 3.141592653-2.6-1.40.25 (TeX Live 2023/Homebrew) (preloaded format=pdflatex)
 \write18 enabled.
entering extended mode
(/var/folders/x1/frlndvdd2158sbgrcspfnv_w0000gn/T/tmpt9h6cpqi/temp.tex
LaTeX2e <2022-11-01> patch level 1
L3 programming layer <2023-02-22>
(/opt/homebrew/Cellar/texlive/20230313_2/share/texmf-dist/tex/latex/standalone/
standalone.cls
Document Class: standalone 2022/10/10 v1.3b Class to compile TeX sub-files stan
dalone

(/opt/homebrew/Cellar/texlive/20230313_2/share/texmf-dist/tex/latex/tools/shell
esc.sty)
(/opt/homebrew/Cellar/texlive/20230313_2/share/texmf-dist/tex/generic/iftex/ifl
uatex.sty
(/opt/homebrew/Cellar/texlive/20230313_2/share/texmf-dist/tex/generic/iftex/ift
ex.sty))
(/opt/homebrew/Cellar/texlive/20230313_2/share/texmf-dist/tex/latex/xkeyval/xke
yval.sty
(/opt/homebrew/Cellar/texlive/20230313_2/share/texmf-dist/tex/generic/xkeyval/x
keyval.tex
(/opt/homebrew/Cellar/texlive/20230313_2/share/texmf-dist/tex/generic/xkeyval/x
kvutils.tex
(/opt/homebrew/Cellar/texlive/20230313_2/share/texmf-dist/tex/generic/xkeyval/k
eyval.tex))))
(/opt/homebrew/Cellar/texlive/20230313_2/share/texmf-dist/tex/latex/standalone/
standalone.cfg)
(/opt/homebrew/Cellar/texlive/20230313_2/share/texmf-dist/tex/latex/base/articl
e.cls
Document Class: article 2022/07/02 v1.4n Standard LaTeX document class

(/opt/homebrew/Cellar/texlive/20230313_2/share/texmf-dist/tex/latex/base/size10
.clo))
(/opt/homebrew/Cellar/texlive/20230313_2/share/texmf-dist/tex/latex/varwidth/va
rwidth.sty))
(/opt/homebrew/Cellar/texlive/20230313_2/share/texmf-dist/tex/latex/l3backend/l
3backend-pdftex.def)
No file temp.aux.

! LaTeX Error: Environment bmatrix undefined.

See the LaTeX manual or LaTeX Companion for explanation.
Type  H <return>  for immediate help.
 ...                                              
                                                  
l.7     \begin{bmatrix}
                       
? 
! Emergency stop.
 ...                                              
                                                  
l.7     \begin{bmatrix}
                       
!  ==> Fatal error occurred, no output PDF file produced!
Transcript written on /var/folders/x1/frlndvdd2158sbgrcspfnv_w0000gn/T/tmpt9h6c
pqi/temp.log.
------------------

[0;31m---------------------------------------------------------------------------[0m
[0;31mCalledProcessError[0m                        Traceback (most recent call last)
Cell [0;32mIn[4], line 1[0m
[0;32m----> 1[0m [43mget_ipython[49m[43m([49m[43m)[49m[38;5;241;43m.[39;49m[43mrun_cell_magic[49m[43m([49m[38;5;124;43m'[39;49m[38;5;124;43mtexdebug[39;49m[38;5;124;43m'[39;49m[43m,[49m[43m [49m[38;5;124;43m'[39;49m[38;5;124;43m'[39;49m[43m,[49m[43m [49m[38;5;124;43m'[39;49m[38;5;130;43;01m\\[39;49;00m[38;5;124;43mtitle[39;49m[38;5;124;43m{[39;49m[38;5;124;43m9: Neural Networks and Artificial Intelligence}[39;49m[38;5;130;43;01m\n[39;49;00m[38;5;130;43;01m\\[39;49;00m[38;5;124;43mdate[39;49m[38;5;132;43;01m{}[39;49;00m[38;5;130;43;01m\n[39;49;00m[38;5;130;43;01m\\[39;49;00m[38;5;124;43mbegin[39;49m[38;5;132;43;01m{document}[39;49;00m[38;5;130;43;01m\n[39;49;00m[38;5;130;43;01m\\[39;49;00m[38;5;124;43mbegin[39;49m[38;5;132;43;01m{equation}[39;49;00m[38;5;130;43;01m\\[39;49;00m[38;5;124;43mlabel[39;49m[38;5;124;43m{[39;49m[38;5;124;43meq:linear combo hyperplane}[39;49m[38;5;130;43;01m\n[39;49;00m[38;5;124;43m    a_i  =  w_1a_1+w_2a_2+[39;49m[38;5;130;43;01m\\[39;49;00m[38;5;124;43mldots+w_na_n [39;49m[38;5;130;43;01m\n[39;49;00m[38;5;124;43m     = [39;49m[38;5;130;43;01m\n[39;49;00m[38;5;124;43m    [39;49m[38;5;130;43;01m\\[39;49;00m[38;5;124;43mbegin[39;49m[38;5;132;43;01m{bmatrix}[39;49;00m[38;5;130;43;01m\n[39;49;00m[38;5;124;43m        w_1 [39;49m[38;5;130;43;01m\\[39;49;00m[38;5;130;43;01m\\[39;49;00m[38;5;130;43;01m\n[39;49;00m[38;5;124;43m        w_2 [39;49m[38;5;130;43;01m\\[39;49;00m[38;5;130;43;01m\\[39;49;00m[38;5;130;43;01m\n[39;49;00m[38;5;124;43m        [39;49m[38;5;130;43;01m\\[39;49;00m[38;5;124;43mvdots [39;49m[38;5;130;43;01m\\[39;49;00m[38;5;130;43;01m\\[39;49;00m[38;5;130;43;01m\n[39;49;00m[38;5;124;43m        w_n[39;49m[38;5;130;43;01m\n[39;49;00m[38;5;124;43m    [39;49m[38;5;130;43;01m\\[39;49;00m[38;5;124;43mend[39;49m[38;5;132;43;01m{bmatrix}[39;49;00m[38;5;130;43;01m\n[39;49;00m[38;5;124;43m    [39;49m[38;5;130;43;01m\\[39;49;00m[38;5;124;43mcdot[39;49m[38;5;130;43;01m\n[39;49;00m[38;5;124;43m    [39;49m[38;5;130;43;01m\\[39;49;00m[38;5;124;43mbegin[39;49m[38;5;132;43;01m{bmatrix}[39;49;00m[38;5;130;43;01m\n[39;49;00m[38;5;124;43m        a_1 [39;49m[38;5;130;43;01m\\[39;49;00m[38;5;130;43;01m\\[39;49;00m[38;5;130;43;01m\n[39;49;00m[38;5;124;43m        a_2 [39;49m[38;5;130;43;01m\\[39;49;00m[38;5;130;43;01m\\[39;49;00m[38;5;130;43;01m\n[39;49;00m[38;5;124;43m        [39;49m[38;5;130;43;01m\\[39;49;00m[38;5;124;43mvdots [39;49m[38;5;130;43;01m\\[39;49;00m[38;5;130;43;01m\\[39;49;00m[38;5;130;43;01m\n[39;49;00m[38;5;124;43m        a_2[39;49m[38;5;130;43;01m\n[39;49;00m[38;5;124;43m    [39;49m[38;5;130;43;01m\\[39;49;00m[38;5;124;43mend[39;49m[38;5;132;43;01m{bmatrix}[39;49;00m[38;5;124;43m=[39;49m[38;5;130;43;01m\n[39;49;00m[38;5;124;43m    [39;49m[38;5;130;43;01m\\[39;49;00m[38;5;124;43mmathbf[39;49m[38;5;132;43;01m{w_N}[39;49;00m[38;5;130;43;01m\\[39;49;00m[38;5;124;43mcdot[39;49m[38;5;130;43;01m\\[39;49;00m[38;5;124;43mmathbf[39;49m[38;5;132;43;01m{a_N}[39;49;00m[38;5;130;43;01m\n[39;49;00m[38;5;130;43;01m\\[39;49;00m[38;5;124;43mend[39;49m[38;5;132;43;01m{equation}[39;49;00m[38;5;130;43;01m\n[39;49;00m[38;5;130;43;01m\\[39;49;00m[38;5;124;43mend[39;49m[38;5;132;43;01m{document}[39;49;00m[38;5;130;43;01m\n[39;49;00m[38;5;124;43m'[39;49m[43m)[49m

File [0;32m~/miniconda3/lib/python3.10/site-packages/IPython/core/interactiveshell.py:2493[0m, in [0;36mInteractiveShell.run_cell_magic[0;34m(self, magic_name, line, cell)[0m
[1;32m   2491[0m [38;5;28;01mwith[39;00m [38;5;28mself[39m[38;5;241m.[39mbuiltin_trap:
[1;32m   2492[0m     args [38;5;241m=[39m (magic_arg_s, cell)
[0;32m-> 2493[0m     result [38;5;241m=[39m [43mfn[49m[43m([49m[38;5;241;43m*[39;49m[43margs[49m[43m,[49m[43m [49m[38;5;241;43m*[39;49m[38;5;241;43m*[39;49m[43mkwargs[49m[43m)[49m
[1;32m   2495[0m [38;5;66;03m# The code below prevents the output from being displayed[39;00m
[1;32m   2496[0m [38;5;66;03m# when using magics with decorator @output_can_be_silenced[39;00m
[1;32m   2497[0m [38;5;66;03m# when the last Python token in the expression is a ';'.[39;00m
[1;32m   2498[0m [38;5;28;01mif[39;00m [38;5;28mgetattr[39m(fn, magic[38;5;241m.[39mMAGIC_OUTPUT_CAN_BE_SILENCED, [38;5;28;01mFalse[39;00m):

File [0;32m~/miniconda3/lib/python3.10/site-packages/jupytexmagic/jupytexmagic.py:55[0m, in [0;36mJupytex.texdebug[0;34m(self, line, cell)[0m
[1;32m     52[0m     f[38;5;241m.[39mwrite([38;5;124m"[39m[38;5;124m\[39m[38;5;124mpagenumbering[39m[38;5;132;01m{gobble}[39;00m[38;5;124m"[39m)
[1;32m     53[0m     f[38;5;241m.[39mwrite(cell)
[0;32m---> 55[0m [43msubprocess[49m[38;5;241;43m.[39;49m[43mrun[49m[43m([49m[43m[[49m[38;5;124;43m'[39;49m[38;5;124;43mpdflatex[39;49m[38;5;124;43m'[39;49m[43m,[49m[43m [49m[38;5;124;43m'[39;49m[38;5;124;43m-shell-escape[39;49m[38;5;124;43m'[39;49m[43m,[49m[43m [49m[38;5;124;43m'[39;49m[38;5;124;43m-output-directory[39;49m[38;5;124;43m'[39;49m[43m,[49m[43m [49m[43mtmpdir[49m[43m,[49m[43m [49m[43mtex_path[49m[43m][49m[43m,[49m[43m [49m[43mcheck[49m[38;5;241;43m=[39;49m[38;5;28;43;01mTrue[39;49;00m[43m)[49m
[1;32m     56[0m subprocess[38;5;241m.[39mrun([[38;5;124m"[39m[38;5;124mpdfcrop[39m[38;5;124m"[39m, pdf_path, pdf_path])
[1;32m     58[0m svg_path [38;5;241m=[39m pdf_path[:[38;5;241m-[39m[38;5;241m4[39m] [38;5;241m+[39m [38;5;124m"[39m[38;5;124m.svg[39m[38;5;124m"[39m    

File [0;32m~/miniconda3/lib/python3.10/subprocess.py:526[0m, in [0;36mrun[0;34m(input, capture_output, timeout, check, *popenargs, **kwargs)[0m
[1;32m    524[0m     retcode [38;5;241m=[39m process[38;5;241m.[39mpoll()
[1;32m    525[0m     [38;5;28;01mif[39;00m check [38;5;129;01mand[39;00m retcode:
[0;32m--> 526[0m         [38;5;28;01mraise[39;00m CalledProcessError(retcode, process[38;5;241m.[39margs,
[1;32m    527[0m                                  output[38;5;241m=[39mstdout, stderr[38;5;241m=[39mstderr)
[1;32m    528[0m [38;5;28;01mreturn[39;00m CompletedProcess(process[38;5;241m.[39margs, retcode, stdout, stderr)

[0;31mCalledProcessError[0m: Command '['pdflatex', '-shell-escape', '-output-directory', '/var/folders/x1/frlndvdd2158sbgrcspfnv_w0000gn/T/tmpt9h6cpqi', '/var/folders/x1/frlndvdd2158sbgrcspfnv_w0000gn/T/tmpt9h6cpqi/temp.tex']' returned non-zero exit status 1.

